Linux 5.4.0 (order) 	08/30/2022 	_x86_64_	(8 CPU)

avg-cpu:  %user   %nice %system %iowait  %steal   %idle
           0.13    0.00    0.01    0.01    0.00   99.84

Device             tps    MB_read/s    MB_wrtn/s    MB_read    MB_wrtn
vda               0.97         0.01         0.06        685       6394

avg-cpu:  %user   %nice %system %iowait  %steal   %idle
          12.52    0.00    0.50    0.00    0.13   86.86

Device             tps    MB_read/s    MB_wrtn/s    MB_read    MB_wrtn
vda               0.00         0.00         0.00          0          0

avg-cpu:  %user   %nice %system %iowait  %steal   %idle
          12.94    0.00    0.50    0.00    0.00   86.56

Device             tps    MB_read/s    MB_wrtn/s    MB_read    MB_wrtn
vda               0.00         0.00         0.00          0          0

avg-cpu:  %user   %nice %system %iowait  %steal   %idle
          13.16    0.00    0.75    0.00    0.00   86.09

Device             tps    MB_read/s    MB_wrtn/s    MB_read    MB_wrtn
vda               3.00         0.00         0.05          0          0

avg-cpu:  %user   %nice %system %iowait  %steal   %idle
          12.12    0.00    0.38    0.12    0.12   87.25

Device             tps    MB_read/s    MB_wrtn/s    MB_read    MB_wrtn
vda              32.00         0.00         0.20          0          0

avg-cpu:  %user   %nice %system %iowait  %steal   %idle
          12.12    0.00    0.50    0.00    0.00   87.38

Device             tps    MB_read/s    MB_wrtn/s    MB_read    MB_wrtn
vda               0.00         0.00         0.00          0          0

avg-cpu:  %user   %nice %system %iowait  %steal   %idle
          12.27    0.00    0.25    0.00    0.00   87.48

Device             tps    MB_read/s    MB_wrtn/s    MB_read    MB_wrtn
vda               0.00         0.00         0.00          0          0

avg-cpu:  %user   %nice %system %iowait  %steal   %idle
          12.36    0.00    0.37    0.00    0.00   87.27

Device             tps    MB_read/s    MB_wrtn/s    MB_read    MB_wrtn
vda               0.00         0.00         0.00          0          0

avg-cpu:  %user   %nice %system %iowait  %steal   %idle
          12.14    0.00    0.38    0.13    0.00   87.36

Device             tps    MB_read/s    MB_wrtn/s    MB_read    MB_wrtn
vda               3.00         0.00         0.02          0          0

avg-cpu:  %user   %nice %system %iowait  %steal   %idle
          12.27    0.00    0.25    0.00    0.00   87.48

Device             tps    MB_read/s    MB_wrtn/s    MB_read    MB_wrtn
vda               9.00         0.00         0.07          0          0

avg-cpu:  %user   %nice %system %iowait  %steal   %idle
          12.12    0.00    0.50    0.00    0.00   87.38

Device             tps    MB_read/s    MB_wrtn/s    MB_read    MB_wrtn
vda               0.00         0.00         0.00          0          0

avg-cpu:  %user   %nice %system %iowait  %steal   %idle
          12.27    0.00    0.25    0.00    0.00   87.48

Device             tps    MB_read/s    MB_wrtn/s    MB_read    MB_wrtn
vda               0.00         0.00         0.00          0          0

avg-cpu:  %user   %nice %system %iowait  %steal   %idle
          12.12    0.00    0.38    0.00    0.12   87.38

Device             tps    MB_read/s    MB_wrtn/s    MB_read    MB_wrtn
vda               0.00         0.00         0.00          0          0

avg-cpu:  %user   %nice %system %iowait  %steal   %idle
          12.25    0.00    0.38    0.12    0.00   87.25

Device             tps    MB_read/s    MB_wrtn/s    MB_read    MB_wrtn
vda               3.00         0.00         0.02          0          0

avg-cpu:  %user   %nice %system %iowait  %steal   %idle
          12.12    0.00    0.50    0.12    0.00   87.25

Device             tps    MB_read/s    MB_wrtn/s    MB_read    MB_wrtn
vda               6.00         0.00         0.06          0          0

avg-cpu:  %user   %nice %system %iowait  %steal   %idle
          12.38    0.00    0.25    0.00    0.00   87.38

Device             tps    MB_read/s    MB_wrtn/s    MB_read    MB_wrtn
vda               3.00         0.00         0.02          0          0

avg-cpu:  %user   %nice %system %iowait  %steal   %idle
          12.02    0.00    0.50    0.00    0.00   87.48

Device             tps    MB_read/s    MB_wrtn/s    MB_read    MB_wrtn
vda               0.00         0.00         0.00          0          0

avg-cpu:  %user   %nice %system %iowait  %steal   %idle
          12.25    0.00    0.38    0.00    0.00   87.38

Device             tps    MB_read/s    MB_wrtn/s    MB_read    MB_wrtn
vda               0.00         0.00         0.00          0          0

avg-cpu:  %user   %nice %system %iowait  %steal   %idle
          12.25    0.00    0.38    0.12    0.00   87.25

Device             tps    MB_read/s    MB_wrtn/s    MB_read    MB_wrtn
vda               9.00         0.00         0.07          0          0

avg-cpu:  %user   %nice %system %iowait  %steal   %idle
          12.14    0.00    0.38    0.13    0.00   87.36

Device             tps    MB_read/s    MB_wrtn/s    MB_read    MB_wrtn
vda               3.00         0.00         0.02          0          0

avg-cpu:  %user   %nice %system %iowait  %steal   %idle
          12.25    0.00    0.38    0.00    0.12   87.25

Device             tps    MB_read/s    MB_wrtn/s    MB_read    MB_wrtn
vda               0.00         0.00         0.00          0          0

avg-cpu:  %user   %nice %system %iowait  %steal   %idle
          34.09    0.00    1.00    0.63    0.00   64.29

Device             tps    MB_read/s    MB_wrtn/s    MB_read    MB_wrtn
vda              30.00         0.00        14.18          0         14

avg-cpu:  %user   %nice %system %iowait  %steal   %idle
          30.90    0.00    1.39    0.38    0.00   67.34

Device             tps    MB_read/s    MB_wrtn/s    MB_read    MB_wrtn
vda              56.00         0.01         8.19          0          8

avg-cpu:  %user   %nice %system %iowait  %steal   %idle
          32.66    0.00    0.63    0.75    0.00   65.95

Device             tps    MB_read/s    MB_wrtn/s    MB_read    MB_wrtn
vda              69.00         0.00        11.95          0         11

avg-cpu:  %user   %nice %system %iowait  %steal   %idle
          28.95    0.00    0.88    1.00    0.13   69.05

Device             tps    MB_read/s    MB_wrtn/s    MB_read    MB_wrtn
vda             105.00         0.00        12.00          0         12

avg-cpu:  %user   %nice %system %iowait  %steal   %idle
          23.14    0.00    1.01    0.50    0.00   75.35

Device             tps    MB_read/s    MB_wrtn/s    MB_read    MB_wrtn
vda              38.00         0.00         9.68          0          9

avg-cpu:  %user   %nice %system %iowait  %steal   %idle
          23.43    0.00    0.63    0.63    0.00   75.31

Device             tps    MB_read/s    MB_wrtn/s    MB_read    MB_wrtn
vda              83.00         0.00        11.21          0         11

avg-cpu:  %user   %nice %system %iowait  %steal   %idle
          23.15    0.00    0.63    0.25    0.00   75.97

Device             tps    MB_read/s    MB_wrtn/s    MB_read    MB_wrtn
vda              47.00         0.00         8.02          0          8

avg-cpu:  %user   %nice %system %iowait  %steal   %idle
          23.21    0.00    0.50    0.75    0.00   75.53

Device             tps    MB_read/s    MB_wrtn/s    MB_read    MB_wrtn
vda              53.00         0.00        11.12          0         11

avg-cpu:  %user   %nice %system %iowait  %steal   %idle
          23.25    0.00    0.75    0.50    0.00   75.50

Device             tps    MB_read/s    MB_wrtn/s    MB_read    MB_wrtn
vda              30.00         0.00         8.88          0          8

avg-cpu:  %user   %nice %system %iowait  %steal   %idle
          23.06    0.00    0.63    1.00    0.13   75.19

Device             tps    MB_read/s    MB_wrtn/s    MB_read    MB_wrtn
vda              65.00         0.00        28.29          0         28

avg-cpu:  %user   %nice %system %iowait  %steal   %idle
          23.31    0.00    0.50    0.38    0.00   75.81

Device             tps    MB_read/s    MB_wrtn/s    MB_read    MB_wrtn
vda              40.00         0.00         7.39          0          7

avg-cpu:  %user   %nice %system %iowait  %steal   %idle
          22.99    0.00    0.75    0.50    0.00   75.75

Device             tps    MB_read/s    MB_wrtn/s    MB_read    MB_wrtn
vda              36.00         0.00        10.79          0         10

avg-cpu:  %user   %nice %system %iowait  %steal   %idle
          22.68    0.00    1.00    0.63    0.00   75.69

Device             tps    MB_read/s    MB_wrtn/s    MB_read    MB_wrtn
vda              57.00         0.00        10.39          0         10

avg-cpu:  %user   %nice %system %iowait  %steal   %idle
          23.31    0.00    0.38    0.38    0.00   75.94

Device             tps    MB_read/s    MB_wrtn/s    MB_read    MB_wrtn
vda              20.00         0.00         5.07          0          5

avg-cpu:  %user   %nice %system %iowait  %steal   %idle
          23.96    0.00    0.88    1.00    0.00   74.15

Device             tps    MB_read/s    MB_wrtn/s    MB_read    MB_wrtn
vda              79.00         0.00        26.82          0         26

avg-cpu:  %user   %nice %system %iowait  %steal   %idle
          22.77    0.00    0.75    0.75    0.13   75.60

Device             tps    MB_read/s    MB_wrtn/s    MB_read    MB_wrtn
vda              58.00         0.00        15.10          0         15

avg-cpu:  %user   %nice %system %iowait  %steal   %idle
          23.65    0.00    0.63    0.13    0.00   75.59

Device             tps    MB_read/s    MB_wrtn/s    MB_read    MB_wrtn
vda               9.00         0.00         0.96          0          0

avg-cpu:  %user   %nice %system %iowait  %steal   %idle
          23.21    0.00    0.63    0.50    0.00   75.66

Device             tps    MB_read/s    MB_wrtn/s    MB_read    MB_wrtn
vda              49.00         0.00         8.85          0          8

avg-cpu:  %user   %nice %system %iowait  %steal   %idle
          23.12    0.00    0.75    0.75    0.00   75.38

Device             tps    MB_read/s    MB_wrtn/s    MB_read    MB_wrtn
vda              50.00         0.00         9.01          0          9

avg-cpu:  %user   %nice %system %iowait  %steal   %idle
          23.06    0.00    0.75    0.63    0.00   75.56

Device             tps    MB_read/s    MB_wrtn/s    MB_read    MB_wrtn
vda              58.00         0.00        10.43          0         10

avg-cpu:  %user   %nice %system %iowait  %steal   %idle
          23.12    0.00    0.63    0.38    0.00   75.88

Device             tps    MB_read/s    MB_wrtn/s    MB_read    MB_wrtn
vda              31.00         0.00         7.79          0          7

avg-cpu:  %user   %nice %system %iowait  %steal   %idle
          23.03    0.00    0.75    0.75    0.00   75.47

Device             tps    MB_read/s    MB_wrtn/s    MB_read    MB_wrtn
vda              56.00         0.00        10.08          0         10

avg-cpu:  %user   %nice %system %iowait  %steal   %idle
          19.65    0.00    0.75    0.50    0.13   78.97

Device             tps    MB_read/s    MB_wrtn/s    MB_read    MB_wrtn
vda              30.00         0.00         9.75          0          9

avg-cpu:  %user   %nice %system %iowait  %steal   %idle
          13.12    0.00    0.62    0.25    0.00   86.00

Device             tps    MB_read/s    MB_wrtn/s    MB_read    MB_wrtn
vda              17.00         0.00         4.35          0          4

avg-cpu:  %user   %nice %system %iowait  %steal   %idle
          13.28    0.00    0.38    0.38    0.00   85.96

Device             tps    MB_read/s    MB_wrtn/s    MB_read    MB_wrtn
vda              36.00         0.00         5.48          0          5

avg-cpu:  %user   %nice %system %iowait  %steal   %idle
          12.25    0.00    0.38    0.00    0.00   87.38

Device             tps    MB_read/s    MB_wrtn/s    MB_read    MB_wrtn
vda               3.00         0.00         0.02          0          0

avg-cpu:  %user   %nice %system %iowait  %steal   %idle
          12.36    0.00    0.25    0.00    0.00   87.39

Device             tps    MB_read/s    MB_wrtn/s    MB_read    MB_wrtn
vda               0.00         0.00         0.00          0          0

avg-cpu:  %user   %nice %system %iowait  %steal   %idle
          12.25    0.00    0.38    0.12    0.00   87.25

Device             tps    MB_read/s    MB_wrtn/s    MB_read    MB_wrtn
vda               9.00         0.00         0.07          0          0

avg-cpu:  %user   %nice %system %iowait  %steal   %idle
          12.16    0.00    0.38    0.00    0.00   87.47

Device             tps    MB_read/s    MB_wrtn/s    MB_read    MB_wrtn
vda               3.00         0.00         0.02          0          0

avg-cpu:  %user   %nice %system %iowait  %steal   %idle
          12.23    0.00    0.37    0.00    0.00   87.39

Device             tps    MB_read/s    MB_wrtn/s    MB_read    MB_wrtn
vda               0.00         0.00         0.00          0          0

avg-cpu:  %user   %nice %system %iowait  %steal   %idle
          12.89    0.00    0.38    0.13    0.00   86.61

Device             tps    MB_read/s    MB_wrtn/s    MB_read    MB_wrtn
vda               6.00         0.00         0.04          0          0

avg-cpu:  %user   %nice %system %iowait  %steal   %idle
          12.23    0.00    0.25    0.00    0.12   87.39

Device             tps    MB_read/s    MB_wrtn/s    MB_read    MB_wrtn
vda               0.00         0.00         0.00          0          0

avg-cpu:  %user   %nice %system %iowait  %steal   %idle
          12.25    0.00    0.38    0.12    0.00   87.25

Device             tps    MB_read/s    MB_wrtn/s    MB_read    MB_wrtn
vda              16.00         0.00         0.27          0          0

avg-cpu:  %user   %nice %system %iowait  %steal   %idle
          12.38    0.00    0.25    0.12    0.00   87.25

Device             tps    MB_read/s    MB_wrtn/s    MB_read    MB_wrtn
vda               3.00         0.00         0.02          0          0

avg-cpu:  %user   %nice %system %iowait  %steal   %idle
          12.25    0.00    0.38    0.00    0.00   87.38

Device             tps    MB_read/s    MB_wrtn/s    MB_read    MB_wrtn
vda               1.00         0.00         0.00          0          0

avg-cpu:  %user   %nice %system %iowait  %steal   %idle
          12.12    0.00    0.38    0.00    0.00   87.50

Device             tps    MB_read/s    MB_wrtn/s    MB_read    MB_wrtn
vda               0.00         0.00         0.00          0          0

avg-cpu:  %user   %nice %system %iowait  %steal   %idle
          12.14    0.00    0.50    0.00    0.00   87.36

Device             tps    MB_read/s    MB_wrtn/s    MB_read    MB_wrtn
vda               9.00         0.00         0.09          0          0

avg-cpu:  %user   %nice %system %iowait  %steal   %idle
          12.12    0.00    0.38    0.12    0.00   87.38

Device             tps    MB_read/s    MB_wrtn/s    MB_read    MB_wrtn
vda               2.97         0.00         0.02          0          0

avg-cpu:  %user   %nice %system %iowait  %steal   %idle
          12.12    0.00    0.50    0.00    0.00   87.38

Device             tps    MB_read/s    MB_wrtn/s    MB_read    MB_wrtn
vda               0.00         0.00         0.00          0          0

avg-cpu:  %user   %nice %system %iowait  %steal   %idle
          12.22    0.00    0.37    0.00    0.12   87.28

Device             tps    MB_read/s    MB_wrtn/s    MB_read    MB_wrtn
vda               0.00         0.00         0.00          0          0

avg-cpu:  %user   %nice %system %iowait  %steal   %idle
          12.27    0.00    0.25    0.00    0.00   87.48

Device             tps    MB_read/s    MB_wrtn/s    MB_read    MB_wrtn
vda               0.00         0.00         0.00          0          0

avg-cpu:  %user   %nice %system %iowait  %steal   %idle
          12.16    0.00    0.38    0.00    0.00   87.47

Device             tps    MB_read/s    MB_wrtn/s    MB_read    MB_wrtn
vda               9.00         0.00         0.07          0          0

avg-cpu:  %user   %nice %system %iowait  %steal   %idle
          12.34    0.00    0.37    0.12    0.00   87.16

Device             tps    MB_read/s    MB_wrtn/s    MB_read    MB_wrtn
vda               3.00         0.00         0.02          0          0

avg-cpu:  %user   %nice %system %iowait  %steal   %idle
          12.25    0.00    0.25    0.00    0.00   87.50

Device             tps    MB_read/s    MB_wrtn/s    MB_read    MB_wrtn
vda               0.00         0.00         0.00          0          0

avg-cpu:  %user   %nice %system %iowait  %steal   %idle
          12.25    0.00    0.38    0.00    0.00   87.38

Device             tps    MB_read/s    MB_wrtn/s    MB_read    MB_wrtn
vda              11.00         0.00         0.05          0          0

avg-cpu:  %user   %nice %system %iowait  %steal   %idle
          12.28    0.00    0.25    0.00    0.00   87.47

Device             tps    MB_read/s    MB_wrtn/s    MB_read    MB_wrtn
vda               9.00         0.00         0.07          0          0

avg-cpu:  %user   %nice %system %iowait  %steal   %idle
          12.11    0.00    0.50    0.12    0.00   87.27

Device             tps    MB_read/s    MB_wrtn/s    MB_read    MB_wrtn
vda               3.00         0.00         0.02          0          0

avg-cpu:  %user   %nice %system %iowait  %steal   %idle
          12.36    0.00    0.25    0.00    0.12   87.27

Device             tps    MB_read/s    MB_wrtn/s    MB_read    MB_wrtn
vda               0.00         0.00         0.00          0          0

avg-cpu:  %user   %nice %system %iowait  %steal   %idle
          12.27    0.00    0.13    0.00    0.00   87.61

Device             tps    MB_read/s    MB_wrtn/s    MB_read    MB_wrtn
vda               0.00         0.00         0.00          0          0

avg-cpu:  %user   %nice %system %iowait  %steal   %idle
          12.25    0.00    0.38    0.00    0.00   87.38

Device             tps    MB_read/s    MB_wrtn/s    MB_read    MB_wrtn
vda               0.00         0.00         0.00          0          0

avg-cpu:  %user   %nice %system %iowait  %steal   %idle
          12.27    0.00    0.25    0.13    0.00   87.36

Device             tps    MB_read/s    MB_wrtn/s    MB_read    MB_wrtn
vda              11.00         0.00         0.10          0          0

avg-cpu:  %user   %nice %system %iowait  %steal   %idle
          12.33    0.00    0.37    0.12    0.12   87.05

Device             tps    MB_read/s    MB_wrtn/s    MB_read    MB_wrtn
vda               3.00         0.00         0.02          0          0

avg-cpu:  %user   %nice %system %iowait  %steal   %idle
          12.14    0.00    0.38    0.00    0.00   87.48

Device             tps    MB_read/s    MB_wrtn/s    MB_read    MB_wrtn
vda               0.00         0.00         0.00          0          0

avg-cpu:  %user   %nice %system %iowait  %steal   %idle
          12.12    0.00    0.38    0.00    0.00   87.50

Device             tps    MB_read/s    MB_wrtn/s    MB_read    MB_wrtn
vda               0.00         0.00         0.00          0          0

avg-cpu:  %user   %nice %system %iowait  %steal   %idle
          12.23    0.00    0.50    0.12    0.00   87.14

Device             tps    MB_read/s    MB_wrtn/s    MB_read    MB_wrtn
vda               9.00         0.00         0.07          0          0

avg-cpu:  %user   %nice %system %iowait  %steal   %idle
          12.14    0.00    0.38    0.00    0.00   87.48

Device             tps    MB_read/s    MB_wrtn/s    MB_read    MB_wrtn
vda               8.00         0.00         0.04          0          0

avg-cpu:  %user   %nice %system %iowait  %steal   %idle
          12.14    0.00    0.38    0.00    0.00   87.48

Device             tps    MB_read/s    MB_wrtn/s    MB_read    MB_wrtn
vda               0.00         0.00         0.00          0          0

avg-cpu:  %user   %nice %system %iowait  %steal   %idle
          12.50    0.00    0.50    0.00    0.00   87.00

Device             tps    MB_read/s    MB_wrtn/s    MB_read    MB_wrtn
vda               4.00         0.00         0.07          0          0

avg-cpu:  %user   %nice %system %iowait  %steal   %idle
          12.14    0.00    0.38    0.00    0.00   87.48

Device             tps    MB_read/s    MB_wrtn/s    MB_read    MB_wrtn
vda               0.00         0.00         0.00          0          0

avg-cpu:  %user   %nice %system %iowait  %steal   %idle
          12.25    0.00    0.25    0.00    0.12   87.38

Device             tps    MB_read/s    MB_wrtn/s    MB_read    MB_wrtn
vda               0.00         0.00         0.00          0          0

avg-cpu:  %user   %nice %system %iowait  %steal   %idle
          12.36    0.00    0.37    0.12    0.00   87.14

Device             tps    MB_read/s    MB_wrtn/s    MB_read    MB_wrtn
vda               9.00         0.00         0.08          0          0

avg-cpu:  %user   %nice %system %iowait  %steal   %idle
          12.92    0.00    0.38    0.00    0.00   86.70

Device             tps    MB_read/s    MB_wrtn/s    MB_read    MB_wrtn
vda              18.00         0.00         0.10          0          0

avg-cpu:  %user   %nice %system %iowait  %steal   %idle
          13.16    0.00    0.63    0.00    0.00   86.22

Device             tps    MB_read/s    MB_wrtn/s    MB_read    MB_wrtn
vda               0.00         0.00         0.00          0          0

avg-cpu:  %user   %nice %system %iowait  %steal   %idle
          13.05    0.00    0.88    0.00    0.00   86.07

Device             tps    MB_read/s    MB_wrtn/s    MB_read    MB_wrtn
vda               0.00         0.00         0.00          0          0

avg-cpu:  %user   %nice %system %iowait  %steal   %idle
          12.97    0.00    0.63    0.00    0.00   86.40

Device             tps    MB_read/s    MB_wrtn/s    MB_read    MB_wrtn
vda               9.00         0.00         0.07          0          0

avg-cpu:  %user   %nice %system %iowait  %steal   %idle
          13.27    0.00    0.75    0.13    0.00   85.86

Device             tps    MB_read/s    MB_wrtn/s    MB_read    MB_wrtn
vda               3.00         0.00         0.02          0          0

avg-cpu:  %user   %nice %system %iowait  %steal   %idle
          13.27    0.00    0.63    0.00    0.13   85.98

Device             tps    MB_read/s    MB_wrtn/s    MB_read    MB_wrtn
vda               6.00         0.00         0.02          0          0

avg-cpu:  %user   %nice %system %iowait  %steal   %idle
          12.38    0.00    0.38    0.00    0.00   87.25

Device             tps    MB_read/s    MB_wrtn/s    MB_read    MB_wrtn
vda               0.00         0.00         0.00          0          0

avg-cpu:  %user   %nice %system %iowait  %steal   %idle
          12.02    0.00    0.50    0.00    0.00   87.48

Device             tps    MB_read/s    MB_wrtn/s    MB_read    MB_wrtn
vda               0.00         0.00         0.00          0          0

avg-cpu:  %user   %nice %system %iowait  %steal   %idle
          12.14    0.00    0.25    0.00    0.00   87.61

Device             tps    MB_read/s    MB_wrtn/s    MB_read    MB_wrtn
vda               0.00         0.00         0.00          0          0

avg-cpu:  %user   %nice %system %iowait  %steal   %idle
           0.50    0.00    0.25    0.00    0.00   99.25

Device             tps    MB_read/s    MB_wrtn/s    MB_read    MB_wrtn
vda              11.00         0.00         0.16          0          0

